c:\users\roman\source\repos\practicum\practicum\x64\debug\vc143.pdb
c:\users\roman\source\repos\practicum\practicum\x64\debug\.netframework,version=v4.8.assemblyattributes.obj
c:\users\roman\source\repos\practicum\practicum\x64\debug\myform.obj
c:\users\roman\source\repos\practicum\practicum\x64\debug\mainform.obj
c:\users\roman\source\repos\practicum\x64\debug\mydll1.dll
c:\users\roman\source\repos\practicum\x64\debug\interop.microsoft.office.interop.excel.1.9.dll
c:\users\roman\source\repos\practicum\x64\debug\interop.microsoft.office.interop.word.8.7.dll
c:\users\roman\source\repos\practicum\x64\debug\interop.microsoft.office.core.2.8.dll
c:\users\roman\source\repos\practicum\x64\debug\stdole.dll
c:\users\roman\source\repos\practicum\x64\debug\mydll1.pdb
c:\users\roman\source\repos\practicum\x64\debug\practicum.exe
c:\users\roman\source\repos\practicum\x64\debug\practicum.pdb
c:\users\roman\source\repos\practicum\practicum\x64\debug\practicum.tlog\metagen.write.1.tlog
c:\users\roman\source\repos\practicum\practicum\x64\debug\practicum.tlog\cl.command.1.tlog
c:\users\roman\source\repos\practicum\practicum\x64\debug\practicum.tlog\cl.items.tlog
c:\users\roman\source\repos\practicum\practicum\x64\debug\practicum.tlog\cl.read.1.tlog
c:\users\roman\source\repos\practicum\practicum\x64\debug\practicum.tlog\cl.write.1.tlog
c:\users\roman\source\repos\practicum\practicum\x64\debug\practicum.tlog\copylocal.read.1u.tlog
c:\users\roman\source\repos\practicum\practicum\x64\debug\practicum.tlog\copylocal.write.1u.tlog
c:\users\roman\source\repos\practicum\practicum\x64\debug\practicum.tlog\link.command.1.tlog
c:\users\roman\source\repos\practicum\practicum\x64\debug\practicum.tlog\link.read.1.tlog
c:\users\roman\source\repos\practicum\practicum\x64\debug\practicum.tlog\link.secondary.1.tlog
c:\users\roman\source\repos\practicum\practicum\x64\debug\practicum.tlog\link.write.1.tlog
c:\users\roman\source\repos\practicum\practicum\x64\debug\practicum.tlog\metagen.read.1.tlog
c:\users\roman\source\repos\practicum\practicum\x64\debug\practicum.tlog\resgen.command.1.tlog
c:\users\roman\source\repos\practicum\practicum\x64\debug\practicum.tlog\resgen.read.1.tlog
c:\users\roman\source\repos\practicum\practicum\x64\debug\practicum.tlog\resgen.write.1.tlog
c:\users\roman\source\repos\practicum\practicum\x64\debug\practicum.tlog\interop.microsoft.office.core.2.8.dll.metagen
c:\users\roman\source\repos\practicum\practicum\x64\debug\practicum.tlog\interop.microsoft.office.interop.excel.1.9.dll.metagen
c:\users\roman\source\repos\practicum\practicum\x64\debug\practicum.tlog\interop.microsoft.office.interop.word.8.7.dll.metagen
